0 info it worked if it ends with ok
1 verbose cli [ '/usr/bin/nodejs',
1 verbose cli   '/home/vivasalute/.npm-global/bin/npm',
1 verbose cli   'start' ]
2 info using npm@3.10.5
3 info using node@v5.12.0
4 verbose run-script [ 'prestart', 'start', 'poststart' ]
5 info lifecycle angular2-tutorial@1.0.0~prestart: angular2-tutorial@1.0.0
6 silly lifecycle angular2-tutorial@1.0.0~prestart: no script for prestart, continuing
7 info lifecycle angular2-tutorial@1.0.0~start: angular2-tutorial@1.0.0
8 verbose lifecycle angular2-tutorial@1.0.0~start: unsafe-perm in lifecycle true
9 verbose lifecycle angular2-tutorial@1.0.0~start: PATH: /home/vivasalute/.npm-global/lib/node_modules/npm/bin/node-gyp-bin:/home/vivasalute/Workspace/0-javascript/1-angular2/angular2-final-tutorial/node_modules/.bin:/usr/bin:/opt/mono/bin:/home/vivasalute/.npm-global/bin:{/usr/local/sbin:/usr/local/bin:/usr/sbin:/usr/bin:/sbin:/bin:/usr/games:/usr/local/games:/usr/lib/jvm/java-8-oracle/bin:/usr/lib/jvm/java-8-oracle/db/bin:/usr/lib/jvm/java-8-oracle/jre/bin:/home/vivasalute/Android/Sdk/tools:/home/vivasalute/Android/Sdk/platform-tools}:~/.composer/vendor/bin:/home/vivasalute/Android/Sdk/platform-tools:/home/vivasalute/Android/Sdk/tools/apps
10 verbose lifecycle angular2-tutorial@1.0.0~start: CWD: /home/vivasalute/Workspace/0-javascript/1-angular2/angular2-final-tutorial
11 silly lifecycle angular2-tutorial@1.0.0~start: Args: [ '-c', 'tsc && concurrently "npm run tsc:w" "npm run lite" ' ]
12 silly lifecycle angular2-tutorial@1.0.0~start: Returned: code: 2  signal: null
13 info lifecycle angular2-tutorial@1.0.0~start: Failed to exec start script
14 verbose stack Error: angular2-tutorial@1.0.0 start: `tsc && concurrently "npm run tsc:w" "npm run lite" `
14 verbose stack Exit status 2
14 verbose stack     at EventEmitter.<anonymous> (/home/vivasalute/.npm-global/lib/node_modules/npm/lib/utils/lifecycle.js:242:16)
14 verbose stack     at emitTwo (events.js:100:13)
14 verbose stack     at EventEmitter.emit (events.js:185:7)
14 verbose stack     at ChildProcess.<anonymous> (/home/vivasalute/.npm-global/lib/node_modules/npm/lib/utils/spawn.js:40:14)
14 verbose stack     at emitTwo (events.js:100:13)
14 verbose stack     at ChildProcess.emit (events.js:185:7)
14 verbose stack     at maybeClose (internal/child_process.js:850:16)
14 verbose stack     at Process.ChildProcess._handle.onexit (internal/child_process.js:215:5)
15 verbose pkgid angular2-tutorial@1.0.0
16 verbose cwd /home/vivasalute/Workspace/0-javascript/1-angular2/angular2-final-tutorial
17 error Linux 4.4.0-36-generic
18 error argv "/usr/bin/nodejs" "/home/vivasalute/.npm-global/bin/npm" "start"
19 error node v5.12.0
20 error npm  v3.10.5
21 error code ELIFECYCLE
22 error angular2-tutorial@1.0.0 start: `tsc && concurrently "npm run tsc:w" "npm run lite" `
22 error Exit status 2
23 error Failed at the angular2-tutorial@1.0.0 start script 'tsc && concurrently "npm run tsc:w" "npm run lite" '.
23 error Make sure you have the latest version of node.js and npm installed.
23 error If you do, this is most likely a problem with the angular2-tutorial package,
23 error not with npm itself.
23 error Tell the author that this fails on your system:
23 error     tsc && concurrently "npm run tsc:w" "npm run lite"
23 error You can get information on how to open an issue for this project with:
23 error     npm bugs angular2-tutorial
23 error Or if that isn't available, you can get their info via:
23 error     npm owner ls angular2-tutorial
23 error There is likely additional logging output above.
24 verbose exit [ 1, true ]
